2026-01-24 11:13:42,778 \U0001f680 Hybrid Bot v1.1 Started!
2026-01-24 11:13:42,779 \U0001f4b0 Starting Balance: $3345.86
2026-01-24 11:13:42,780 \U0001f916 AI Analytics & Chat: ENABLED
2026-01-24 11:16:19,936 \U0001f680 Hybrid Bot v1.1 Started!
2026-01-24 11:16:19,937 \U0001f4b0 Starting Balance: $3345.86
2026-01-24 11:16:19,937 \U0001f916 AI Analytics & Chat: ENABLED
2026-01-24 11:22:33,333 \U0001f680 Hybrid Bot v1.1 Started!
2026-01-24 11:22:33,334 \U0001f4b0 Starting Balance: $3356.85
2026-01-24 11:22:33,334 \U0001f916 AI Analytics & Chat: ENABLED
2026-01-24 12:52:24,374 \u274c LOOP ERROR: 'msg_id'
2026-01-24 17:02:01,492 \u23f3 Opening Sell \U0001f7e0 Stage2 (Confluence: 3/7)
2026-01-24 17:02:01,494    RSI=30.6, ATR=0.0004, ADX=58.4
2026-01-24 17:02:03,798 \U0001f4dd Ordering: 0.0081 coins (~36.25$ = 2.16%) @ 89282.9
2026-01-24 17:02:35,942 \u26a0\ufe0f Order timed out. Cancelling...
2026-01-24 17:02:47,893 \u23f3 Opening Sell \U0001f7e0 Stage2 (Confluence: 3/7)
2026-01-24 17:02:47,893    RSI=30.6, ATR=0.0004, ADX=58.4
2026-01-24 17:02:48,358 \U0001f4dd Ordering: 0.0081 coins (~36.25$ = 2.16%) @ 89272.2
2026-01-24 17:03:20,532 \U0001f504 Sync: Buy 0.0081 @ 89272.20
2026-01-24 17:03:20,533 \U0001f7e2 OPENED \U0001f7e0: Sell @ 89272.2000 (Confluence: 3/7)
2026-01-24 17:03:21,838 \U0001f3af Dynamic TP: 0.37% (Base: 0.35%, ATR: +0.021%)
2026-01-24 17:03:21,840 \U0001f4dd TP Params: side=sell, amount=0.0081, price=89603.7000, avg=89272.2000, dist=0.37%
2026-01-24 17:03:22,142 \u274c TP placement FAILED: bingx {"code":101205,"msg":"No position to close","data":{}}
2026-01-24 17:03:22,143    avg_price=89272.2, total_size=0.0081, side=Buy
2026-01-24 17:03:22,222 \U0001f4dd DCA1 Params: side=buy, amount=0.0114, price=88800.8000, base=89272.2000, dist=0.53%, weight=1.4x
2026-01-24 17:03:22,513 \u2705 DCA1 placed: ID=2015062874175787009, Price=88800.8000 (dist: 0.53%, weight: 1.4x)
2026-01-24 17:03:22,756 \u274c SL placement error: bingx {"code":109420,"msg":"position not exist","data":{}}
2026-01-24 17:03:22,757 \U0001f3af Dynamic TP: 0.37% (Base: 0.35%, ATR: +0.021%)
2026-01-24 17:03:33,636 \U0001f691 Doctor: No TP order! Placing...
2026-01-24 17:03:33,637 \U0001f3af Dynamic TP: 0.37% (Base: 0.35%, ATR: +0.022%)
2026-01-24 17:03:33,637 \U0001f4dd TP Params: side=sell, amount=0.0081, price=89604.6000, avg=89272.2000, dist=0.37%
2026-01-24 17:03:33,916 \u274c TP placement FAILED: bingx {"code":101205,"msg":"No position to close","data":{}}
2026-01-24 17:03:33,916    avg_price=89272.2, total_size=0.0081, side=Buy
2026-01-24 17:03:34,706 \U0001f4c9 Status: PnL 0.13$ (0.00%) | DCA: 0
2026-01-24 17:03:44,267 \U0001f3af Dynamic TP: 0.37% (Base: 0.35%, ATR: +0.022%)
2026-01-24 17:03:55,972 \U0001f691 Doctor: No TP order! Placing...
2026-01-24 17:03:55,972 \U0001f3af Dynamic TP: 0.37% (Base: 0.35%, ATR: +0.022%)
2026-01-24 17:03:55,973 \U0001f4dd TP Params: side=sell, amount=0.0081, price=89604.6000, avg=89272.2000, dist=0.37%
2026-01-24 17:03:56,295 \u274c TP placement FAILED: bingx {"code":101205,"msg":"No position to close","data":{}}
2026-01-24 17:03:56,296    avg_price=89272.2, total_size=0.0081, side=Buy
2026-01-24 17:04:06,471 \U0001f3af Dynamic TP: 0.37% (Base: 0.35%, ATR: +0.022%)
2026-01-24 17:04:08,181 \U0001f4c9 Status: PnL 0.11$ (0.00%) | DCA: 0
2026-01-24 17:04:18,088 \U0001f691 Doctor: No TP order! Placing...
2026-01-24 17:04:18,089 \U0001f3af Dynamic TP: 0.37% (Base: 0.35%, ATR: +0.022%)
2026-01-24 17:04:18,090 \U0001f4dd TP Params: side=sell, amount=0.0081, price=89604.2000, avg=89272.2000, dist=0.37%
2026-01-24 17:04:18,415 \u274c TP placement FAILED: bingx {"code":101205,"msg":"No position to close","data":{}}
2026-01-24 17:04:18,415    avg_price=89272.2, total_size=0.0081, side=Buy
2026-01-24 17:04:28,703 \U0001f3af Dynamic TP: 0.37% (Base: 0.35%, ATR: +0.022%)
2026-01-24 17:04:40,397 \U0001f691 Doctor: No TP order! Placing...
2026-01-24 17:04:40,405 \U0001f3af Dynamic TP: 0.37% (Base: 0.35%, ATR: +0.022%)
2026-01-24 17:04:40,406 \U0001f4dd TP Params: side=sell, amount=0.0081, price=89604.2000, avg=89272.2000, dist=0.37%
2026-01-24 17:04:40,701 \u274c TP placement FAILED: bingx {"code":101205,"msg":"No position to close","data":{}}
2026-01-24 17:04:40,705    avg_price=89272.2, total_size=0.0081, side=Buy
2026-01-24 17:04:41,500 \U0001f4c9 Status: PnL -0.05$ (-0.00%) | DCA: 0
2026-01-24 17:04:50,922 \U0001f3af Dynamic TP: 0.37% (Base: 0.35%, ATR: +0.022%)
2026-01-24 17:05:02,641 \U0001f691 Doctor: No TP order! Placing...
2026-01-24 17:05:02,645 \U0001f3af Dynamic TP: 0.37% (Base: 0.35%, ATR: +0.023%)
2026-01-24 17:05:02,647 \U0001f4dd TP Params: side=sell, amount=0.0081, price=89605.1000, avg=89272.2000, dist=0.37%
2026-01-24 17:05:03,009 \u274c TP placement FAILED: bingx {"code":101205,"msg":"No position to close","data":{}}
2026-01-24 17:05:03,014    avg_price=89272.2, total_size=0.0081, side=Buy
2026-01-24 17:05:13,155 \U0001f3af Dynamic TP: 0.37% (Base: 0.35%, ATR: +0.023%)
2026-01-24 17:05:14,918 \U0001f4c9 Status: PnL 0.11$ (0.00%) | DCA: 0
2026-01-24 17:05:24,878 \U0001f691 Doctor: No TP order! Placing...
2026-01-24 17:05:24,882 \U0001f3af Dynamic TP: 0.37% (Base: 0.35%, ATR: +0.023%)
2026-01-24 17:05:24,884 \U0001f4dd TP Params: side=sell, amount=0.0081, price=89605.1000, avg=89272.2000, dist=0.37%
2026-01-24 17:05:25,182 \u274c TP placement FAILED: bingx {"code":101205,"msg":"No position to close","data":{}}
2026-01-24 17:05:25,187    avg_price=89272.2, total_size=0.0081, side=Buy
2026-01-24 17:05:35,342 \U0001f3af Dynamic TP: 0.37% (Base: 0.35%, ATR: +0.023%)
2026-01-24 17:05:47,621 \U0001f691 Doctor: No TP order! Placing...
2026-01-24 17:05:47,626 \U0001f3af Dynamic TP: 0.37% (Base: 0.35%, ATR: +0.023%)
2026-01-24 17:05:47,629 \U0001f4dd TP Params: side=sell, amount=0.0081, price=89605.1000, avg=89272.2000, dist=0.37%
2026-01-24 17:05:47,943 \u274c TP placement FAILED: bingx {"code":101205,"msg":"No position to close","data":{}}
2026-01-24 17:05:47,946    avg_price=89272.2, total_size=0.0081, side=Buy
2026-01-24 17:05:48,733 \U0001f4c9 Status: PnL 0.45$ (0.01%) | DCA: 0
2026-01-24 17:05:58,159 \U0001f3af Dynamic TP: 0.37% (Base: 0.35%, ATR: +0.023%)
2026-01-24 17:06:10,089 \U0001f691 Doctor: No TP order! Placing...
2026-01-24 17:06:10,094 \U0001f3af Dynamic TP: 0.37% (Base: 0.35%, ATR: +0.023%)
2026-01-24 17:06:10,095 \U0001f4dd TP Params: side=sell, amount=0.0081, price=89605.6000, avg=89272.2000, dist=0.37%
2026-01-24 17:06:10,388 \u274c TP placement FAILED: bingx {"code":101205,"msg":"No position to close","data":{}}
2026-01-24 17:06:10,392    avg_price=89272.2, total_size=0.0081, side=Buy
2026-01-24 17:06:20,683 \U0001f3af Dynamic TP: 0.37% (Base: 0.35%, ATR: +0.023%)
2026-01-24 17:06:22,473 \U0001f4c9 Status: PnL 0.91$ (0.03%) | DCA: 0
2026-01-24 17:06:32,434 \U0001f691 Doctor: No TP order! Placing...
2026-01-24 17:06:32,437 \U0001f3af Dynamic TP: 0.37% (Base: 0.35%, ATR: +0.023%)
2026-01-24 17:06:32,440 \U0001f4dd TP Params: side=sell, amount=0.0081, price=89605.6000, avg=89272.2000, dist=0.37%
2026-01-24 17:06:32,761 \u274c TP placement FAILED: bingx {"code":101205,"msg":"No position to close","data":{}}
2026-01-24 17:06:32,765    avg_price=89272.2, total_size=0.0081, side=Buy
2026-01-24 17:06:42,957 \U0001f3af Dynamic TP: 0.37% (Base: 0.35%, ATR: +0.023%)
2026-01-24 17:06:54,678 \U0001f691 Doctor: No TP order! Placing...
2026-01-24 17:06:54,681 \U0001f3af Dynamic TP: 0.37% (Base: 0.35%, ATR: +0.023%)
2026-01-24 17:06:54,683 \U0001f4dd TP Params: side=sell, amount=0.0081, price=89605.6000, avg=89272.2000, dist=0.37%
2026-01-24 17:06:55,003 \u274c TP placement FAILED: bingx {"code":101205,"msg":"No position to close","data":{}}
2026-01-24 17:06:55,007    avg_price=89272.2, total_size=0.0081, side=Buy
2026-01-24 17:06:55,816 \U0001f4c9 Status: PnL 0.70$ (0.02%) | DCA: 0
2026-01-24 17:07:05,231 \U0001f3af Dynamic TP: 0.37% (Base: 0.35%, ATR: +0.023%)
2026-01-24 17:07:17,037 \U0001f691 Doctor: No TP order! Placing...
2026-01-24 17:07:17,041 \U0001f3af Dynamic TP: 0.37% (Base: 0.35%, ATR: +0.025%)
2026-01-24 17:07:17,043 \U0001f4dd TP Params: side=sell, amount=0.0081, price=89606.7000, avg=89272.2000, dist=0.37%
2026-01-24 17:07:17,348 \u274c TP placement FAILED: bingx {"code":101205,"msg":"No position to close","data":{}}
2026-01-24 17:07:17,352    avg_price=89272.2, total_size=0.0081, side=Buy
2026-01-24 17:07:27,604 \U0001f3af Dynamic TP: 0.37% (Base: 0.35%, ATR: +0.025%)
2026-01-24 17:07:29,371 \U0001f4c9 Status: PnL 0.98$ (0.03%) | DCA: 0
2026-01-24 17:07:39,292 \U0001f691 Doctor: No TP order! Placing...
2026-01-24 17:07:39,295 \U0001f3af Dynamic TP: 0.37% (Base: 0.35%, ATR: +0.025%)
2026-01-24 17:07:39,299 \U0001f4dd TP Params: side=sell, amount=0.0081, price=89606.7000, avg=89272.2000, dist=0.37%
2026-01-24 17:07:39,603 \u274c TP placement FAILED: bingx {"code":101205,"msg":"No position to close","data":{}}
2026-01-24 17:07:39,607    avg_price=89272.2, total_size=0.0081, side=Buy
2026-01-24 17:07:40,394 \u26a0\ufe0f PnL MISMATCH!
Расчёт: 1.03$
Биржа: -1.03$
Разница: 199.8%
2026-01-24 17:07:50,937 \U0001f3af Dynamic TP: 0.37% (Base: 0.35%, ATR: +0.025%)
2026-01-24 17:08:02,681 \U0001f691 Doctor: No TP order! Placing...
2026-01-24 17:08:02,684 \U0001f3af Dynamic TP: 0.37% (Base: 0.35%, ATR: +0.025%)
2026-01-24 17:08:02,687 \U0001f4dd TP Params: side=sell, amount=0.0081, price=89606.6000, avg=89272.2000, dist=0.37%
2026-01-24 17:08:03,203 \u274c TP placement FAILED: bingx {"code":101205,"msg":"No position to close","data":{}}
2026-01-24 17:08:03,207    avg_price=89272.2, total_size=0.0081, side=Buy
2026-01-24 17:08:04,011 \u26a0\ufe0f PnL MISMATCH!
Расчёт: 1.09$
Биржа: -1.07$
Разница: 201.7%
2026-01-24 17:08:05,156 \U0001f4c9 Status: PnL 1.09$ (0.03%) | DCA: 0
2026-01-24 17:08:14,542 \U0001f3af Dynamic TP: 0.37% (Base: 0.35%, ATR: +0.025%)
2026-01-24 17:08:26,223 \U0001f691 Doctor: No TP order! Placing...
2026-01-24 17:08:26,227 \U0001f3af Dynamic TP: 0.37% (Base: 0.35%, ATR: +0.025%)
2026-01-24 17:08:26,229 \U0001f4dd TP Params: side=sell, amount=0.0081, price=89606.6000, avg=89272.2000, dist=0.37%
2026-01-24 17:08:26,565 \u274c TP placement FAILED: bingx {"code":101205,"msg":"No position to close","data":{}}
2026-01-24 17:08:26,569    avg_price=89272.2, total_size=0.0081, side=Buy
2026-01-24 17:08:27,351 \u26a0\ufe0f PnL MISMATCH!
Расчёт: 1.27$
Биржа: -1.26$
Разница: 200.1%
2026-01-24 17:08:37,990 \U0001f3af Dynamic TP: 0.37% (Base: 0.35%, ATR: +0.025%)
2026-01-24 17:08:39,866 \U0001f4c9 Status: PnL 1.30$ (0.04%) | DCA: 0
2026-01-24 17:08:49,803 \U0001f691 Doctor: No TP order! Placing...
2026-01-24 17:08:49,808 \U0001f3af Dynamic TP: 0.37% (Base: 0.35%, ATR: +0.025%)
2026-01-24 17:08:49,811 \U0001f4dd TP Params: side=sell, amount=0.0081, price=89606.6000, avg=89272.2000, dist=0.37%
2026-01-24 17:08:50,101 \u274c TP placement FAILED: bingx {"code":101205,"msg":"No position to close","data":{}}
2026-01-24 17:08:50,105    avg_price=89272.2, total_size=0.0081, side=Buy
2026-01-24 17:08:50,901 \u26a0\ufe0f PnL MISMATCH!
Расчёт: 1.30$
Биржа: -1.30$
Разница: 200.0%
2026-01-24 17:09:01,467 \U0001f3af Dynamic TP: 0.37% (Base: 0.35%, ATR: +0.025%)
2026-01-24 17:09:13,185 \U0001f691 Doctor: No TP order! Placing...
2026-01-24 17:09:13,189 \U0001f3af Dynamic TP: 0.37% (Base: 0.35%, ATR: +0.024%)
2026-01-24 17:09:13,191 \U0001f4dd TP Params: side=sell, amount=0.0081, price=89606.1000, avg=89272.2000, dist=0.37%
2026-01-24 17:09:13,752 \u274c TP placement FAILED: bingx {"code":101205,"msg":"No position to close","data":{}}
2026-01-24 17:09:13,755    avg_price=89272.2, total_size=0.0081, side=Buy
2026-01-24 17:09:14,547 \u26a0\ufe0f PnL MISMATCH!
Расчёт: 1.13$
Биржа: -1.13$
Разница: 199.9%
2026-01-24 17:09:15,696 \U0001f4c9 Status: PnL 1.13$ (0.03%) | DCA: 0
2026-01-24 17:09:25,107 \U0001f3af Dynamic TP: 0.37% (Base: 0.35%, ATR: +0.024%)
2026-01-24 17:09:36,864 \U0001f691 Doctor: No TP order! Placing...
2026-01-24 17:09:36,868 \U0001f3af Dynamic TP: 0.37% (Base: 0.35%, ATR: +0.024%)
2026-01-24 17:09:36,870 \U0001f4dd TP Params: side=sell, amount=0.0081, price=89606.1000, avg=89272.2000, dist=0.37%
2026-01-24 17:09:37,186 \u274c TP placement FAILED: bingx {"code":101205,"msg":"No position to close","data":{}}
2026-01-24 17:09:37,190    avg_price=89272.2, total_size=0.0081, side=Buy
2026-01-24 17:09:37,985 \u26a0\ufe0f PnL MISMATCH!
Расчёт: 1.19$
Биржа: -1.20$
Разница: 199.0%
2026-01-24 17:09:48,544 \U0001f3af Dynamic TP: 0.37% (Base: 0.35%, ATR: +0.024%)
2026-01-24 17:09:50,313 \U0001f4c9 Status: PnL 1.39$ (0.04%) | DCA: 0
2026-01-24 17:10:00,256 \U0001f691 Doctor: No TP order! Placing...
2026-01-24 17:10:00,259 \U0001f3af Dynamic TP: 0.37% (Base: 0.35%, ATR: +0.024%)
2026-01-24 17:10:00,263 \U0001f4dd TP Params: side=sell, amount=0.0081, price=89606.1000, avg=89272.2000, dist=0.37%
2026-01-24 17:10:00,858 \u274c TP placement FAILED: bingx {"code":101205,"msg":"No position to close","data":{}}
2026-01-24 17:10:00,862    avg_price=89272.2, total_size=0.0081, side=Buy
2026-01-24 17:10:01,682 \u26a0\ufe0f PnL MISMATCH!
Расчёт: 1.33$
Биржа: -1.32$
Разница: 201.1%
2026-01-24 17:10:12,255 \U0001f3af Dynamic TP: 0.37% (Base: 0.35%, ATR: +0.024%)
2026-01-24 17:10:24,064 \U0001f691 Doctor: No TP order! Placing...
2026-01-24 17:10:24,068 \U0001f3af Dynamic TP: 0.37% (Base: 0.35%, ATR: +0.024%)
2026-01-24 17:10:24,070 \U0001f4dd TP Params: side=sell, amount=0.0081, price=89606.0000, avg=89272.2000, dist=0.37%
2026-01-24 17:10:24,365 \u274c TP placement FAILED: bingx {"code":101205,"msg":"No position to close","data":{}}
2026-01-24 17:10:24,368    avg_price=89272.2, total_size=0.0081, side=Buy
2026-01-24 17:10:25,161 \u26a0\ufe0f PnL MISMATCH!
Расчёт: 1.29$
Биржа: -1.35$
Разница: 195.6%
2026-01-24 17:10:26,300 \U0001f4c9 Status: PnL 1.29$ (0.04%) | DCA: 0
2026-01-24 17:10:35,721 \U0001f3af Dynamic TP: 0.37% (Base: 0.35%, ATR: +0.024%)
2026-01-24 17:10:47,472 \U0001f691 Doctor: No TP order! Placing...
2026-01-24 17:10:47,476 \U0001f3af Dynamic TP: 0.37% (Base: 0.35%, ATR: +0.024%)
2026-01-24 17:10:47,478 \U0001f4dd TP Params: side=sell, amount=0.0081, price=89606.0000, avg=89272.2000, dist=0.37%
2026-01-24 17:10:47,785 \u274c TP placement FAILED: bingx {"code":101205,"msg":"No position to close","data":{}}
2026-01-24 17:10:47,788    avg_price=89272.2, total_size=0.0081, side=Buy
2026-01-24 17:10:48,578 \u26a0\ufe0f PnL MISMATCH!
Расчёт: 1.10$
Биржа: -1.10$
Разница: 200.0%
2026-01-24 17:10:59,137 \U0001f3af Dynamic TP: 0.37% (Base: 0.35%, ATR: +0.024%)
2026-01-24 17:11:00,959 \U0001f4c9 Status: PnL 1.08$ (0.03%) | DCA: 0
2026-01-24 17:11:10,887 \U0001f691 Doctor: No TP order! Placing...
2026-01-24 17:11:10,891 \U0001f3af Dynamic TP: 0.37% (Base: 0.35%, ATR: +0.024%)
2026-01-24 17:11:10,893 \U0001f4dd TP Params: side=sell, amount=0.0081, price=89606.4000, avg=89272.2000, dist=0.37%
2026-01-24 17:11:11,195 \u274c TP placement FAILED: bingx {"code":101205,"msg":"No position to close","data":{}}
2026-01-24 17:11:11,200    avg_price=89272.2, total_size=0.0081, side=Buy
2026-01-24 17:11:11,992 \u26a0\ufe0f PnL MISMATCH!
Расчёт: 1.05$
Биржа: -1.05$
Разница: 199.8%
2026-01-24 17:11:22,577 \U0001f3af Dynamic TP: 0.37% (Base: 0.35%, ATR: +0.024%)
2026-01-24 17:11:34,414 \U0001f691 Doctor: No TP order! Placing...
2026-01-24 17:11:34,418 \U0001f3af Dynamic TP: 0.37% (Base: 0.35%, ATR: +0.024%)
2026-01-24 17:11:34,419 \U0001f4dd TP Params: side=sell, amount=0.0081, price=89606.4000, avg=89272.2000, dist=0.37%
2026-01-24 17:11:34,716 \u274c TP placement FAILED: bingx {"code":101205,"msg":"No position to close","data":{}}
2026-01-24 17:11:34,719    avg_price=89272.2, total_size=0.0081, side=Buy
2026-01-24 17:11:35,496 \U0001f4c9 Status: PnL 0.81$ (0.02%) | DCA: 0
2026-01-24 17:11:44,916 \U0001f3af Dynamic TP: 0.37% (Base: 0.35%, ATR: +0.024%)
2026-01-24 17:11:56,607 \U0001f691 Doctor: No TP order! Placing...
2026-01-24 17:11:56,610 \U0001f3af Dynamic TP: 0.37% (Base: 0.35%, ATR: +0.024%)
2026-01-24 17:11:56,612 \U0001f4dd TP Params: side=sell, amount=0.0081, price=89606.4000, avg=89272.2000, dist=0.37%
2026-01-24 17:11:56,917 \u274c TP placement FAILED: bingx {"code":101205,"msg":"No position to close","data":{}}
2026-01-24 17:11:56,921    avg_price=89272.2, total_size=0.0081, side=Buy
2026-01-24 17:12:07,068 \U0001f3af Dynamic TP: 0.37% (Base: 0.35%, ATR: +0.024%)
2026-01-24 17:12:08,995 \U0001f4c9 Status: PnL 0.67$ (0.02%) | DCA: 0
2026-01-24 17:12:18,993 \U0001f691 Doctor: No TP order! Placing...
2026-01-24 17:12:18,998 \U0001f3af Dynamic TP: 0.37% (Base: 0.35%, ATR: +0.025%)
2026-01-24 17:12:19,000 \U0001f4dd TP Params: side=sell, amount=0.0081, price=89606.7000, avg=89272.2000, dist=0.37%
2026-01-24 17:12:19,289 \u274c TP placement FAILED: bingx {"code":101205,"msg":"No position to close","data":{}}
2026-01-24 17:12:19,292    avg_price=89272.2, total_size=0.0081, side=Buy
2026-01-24 17:12:29,636 \U0001f3af Dynamic TP: 0.37% (Base: 0.35%, ATR: +0.025%)
2026-01-24 17:12:41,227 \U0001f691 Doctor: No TP order! Placing...
2026-01-24 17:12:41,232 \U0001f3af Dynamic TP: 0.37% (Base: 0.35%, ATR: +0.025%)
2026-01-24 17:12:41,234 \U0001f4dd TP Params: side=sell, amount=0.0081, price=89606.7000, avg=89272.2000, dist=0.37%
2026-01-24 17:12:41,529 \u274c TP placement FAILED: bingx {"code":101205,"msg":"No position to close","data":{}}
2026-01-24 17:12:41,532    avg_price=89272.2, total_size=0.0081, side=Buy
2026-01-24 17:12:42,328 \u26a0\ufe0f PnL MISMATCH!
Расчёт: 1.05$
Биржа: -1.05$
Разница: 200.2%
2026-01-24 17:12:43,519 \U0001f4c9 Status: PnL 1.05$ (0.03%) | DCA: 0
2026-01-24 17:12:52,898 \U0001f3af Dynamic TP: 0.37% (Base: 0.35%, ATR: +0.025%)
2026-01-24 17:13:04,615 \U0001f691 Doctor: No TP order! Placing...
2026-01-24 17:13:04,619 \U0001f3af Dynamic TP: 0.38% (Base: 0.35%, ATR: +0.026%)
2026-01-24 17:13:04,620 \U0001f4dd TP Params: side=sell, amount=0.0081, price=89607.6000, avg=89272.2000, dist=0.38%
2026-01-24 17:13:04,924 \u274c TP placement FAILED: bingx {"code":101205,"msg":"No position to close","data":{}}
2026-01-24 17:13:04,928    avg_price=89272.2, total_size=0.0081, side=Buy
2026-01-24 17:13:05,719 \u26a0\ufe0f PnL MISMATCH!
Расчёт: 1.23$
Биржа: -1.23$
Разница: 200.0%
2026-01-24 17:13:16,328 \U0001f3af Dynamic TP: 0.38% (Base: 0.35%, ATR: +0.026%)
2026-01-24 17:13:18,146 \U0001f4c9 Status: PnL 1.23$ (0.04%) | DCA: 0
2026-01-24 17:13:28,125 \U0001f691 Doctor: No TP order! Placing...
2026-01-24 17:13:28,130 \U0001f3af Dynamic TP: 0.38% (Base: 0.35%, ATR: +0.026%)
2026-01-24 17:13:28,132 \U0001f4dd TP Params: side=sell, amount=0.0081, price=89607.6000, avg=89272.2000, dist=0.38%
2026-01-24 17:13:28,452 \u274c TP placement FAILED: bingx {"code":101205,"msg":"No position to close","data":{}}
2026-01-24 17:13:28,456    avg_price=89272.2, total_size=0.0081, side=Buy
2026-01-24 17:13:29,278 \u26a0\ufe0f PnL MISMATCH!
Расчёт: 1.22$
Биржа: -1.22$
Разница: 200.0%
2026-01-24 17:13:39,917 \U0001f3af Dynamic TP: 0.38% (Base: 0.35%, ATR: +0.026%)
2026-01-24 17:13:51,758 \U0001f691 Doctor: No TP order! Placing...
2026-01-24 17:13:51,763 \U0001f3af Dynamic TP: 0.38% (Base: 0.35%, ATR: +0.026%)
2026-01-24 17:13:51,765 \U0001f4dd TP Params: side=sell, amount=0.0081, price=89607.6000, avg=89272.2000, dist=0.38%
2026-01-24 17:13:52,060 \u274c TP placement FAILED: bingx {"code":101205,"msg":"No position to close","data":{}}
2026-01-24 17:13:52,064    avg_price=89272.2, total_size=0.0081, side=Buy
2026-01-24 17:13:52,860 \u26a0\ufe0f PnL MISMATCH!
Расчёт: 1.35$
Биржа: -1.35$
Разница: 199.8%
2026-01-24 17:13:54,107 \U0001f4c9 Status: PnL 1.35$ (0.04%) | DCA: 0
2026-01-24 17:14:03,534 \U0001f3af Dynamic TP: 0.38% (Base: 0.35%, ATR: +0.026%)
2026-01-24 17:14:15,346 \U0001f691 Doctor: No TP order! Placing...
2026-01-24 17:14:15,351 \U0001f3af Dynamic TP: 0.37% (Base: 0.35%, ATR: +0.025%)
2026-01-24 17:14:15,353 \U0001f4dd TP Params: side=sell, amount=0.0081, price=89606.6000, avg=89272.2000, dist=0.37%
2026-01-24 17:14:15,663 \u274c TP placement FAILED: bingx {"code":101205,"msg":"No position to close","data":{}}
2026-01-24 17:14:15,667    avg_price=89272.2, total_size=0.0081, side=Buy
2026-01-24 17:14:16,492 \u26a0\ufe0f PnL MISMATCH!
Расчёт: 1.32$
Биржа: -1.32$
Разница: 200.0%
2026-01-24 17:14:27,093 \U0001f3af Dynamic TP: 0.37% (Base: 0.35%, ATR: +0.025%)
2026-01-24 17:14:28,824 \U0001f4c9 Status: PnL 1.33$ (0.04%) | DCA: 0
2026-01-24 17:14:38,802 \U0001f691 Doctor: No TP order! Placing...
2026-01-24 17:14:38,806 \U0001f3af Dynamic TP: 0.37% (Base: 0.35%, ATR: +0.025%)
2026-01-24 17:14:38,809 \U0001f4dd TP Params: side=sell, amount=0.0081, price=89606.6000, avg=89272.2000, dist=0.37%
2026-01-24 17:14:39,124 \u274c TP placement FAILED: bingx {"code":101205,"msg":"No position to close","data":{}}
2026-01-24 17:14:39,128    avg_price=89272.2, total_size=0.0081, side=Buy
2026-01-24 17:14:39,933 \u26a0\ufe0f PnL MISMATCH!
Расчёт: 1.32$
Биржа: -1.31$
Разница: 200.7%
2026-01-24 17:14:50,624 \U0001f3af Dynamic TP: 0.37% (Base: 0.35%, ATR: +0.025%)
2026-01-24 17:15:02,415 \U0001f691 Doctor: No TP order! Placing...
2026-01-24 17:15:02,419 \U0001f3af Dynamic TP: 0.37% (Base: 0.35%, ATR: +0.023%)
2026-01-24 17:15:02,421 \U0001f4dd TP Params: side=sell, amount=0.0081, price=89605.3000, avg=89272.2000, dist=0.37%
2026-01-24 17:15:03,310 \u274c TP placement FAILED: bingx {"code":101205,"msg":"No position to close","data":{}}
2026-01-24 17:15:03,314    avg_price=89272.2, total_size=0.0081, side=Buy
2026-01-24 17:15:04,100 \u26a0\ufe0f PnL MISMATCH!
Расчёт: 1.28$
Биржа: -1.17$
Разница: 209.7%
2026-01-24 17:15:05,242 \U0001f4c9 Status: PnL 1.28$ (0.04%) | DCA: 0
2026-01-24 17:15:14,617 \U0001f3af Dynamic TP: 0.37% (Base: 0.35%, ATR: +0.023%)
2026-01-24 17:15:26,242 \U0001f691 Doctor: No TP order! Placing...
2026-01-24 17:15:26,246 \U0001f3af Dynamic TP: 0.37% (Base: 0.35%, ATR: +0.023%)
2026-01-24 17:15:26,249 \U0001f4dd TP Params: side=sell, amount=0.0081, price=89605.3000, avg=89272.2000, dist=0.37%
2026-01-24 17:15:26,583 \u274c TP placement FAILED: bingx {"code":101205,"msg":"No position to close","data":{}}
2026-01-24 17:15:26,587    avg_price=89272.2, total_size=0.0081, side=Buy
2026-01-24 17:15:27,383 \u26a0\ufe0f PnL MISMATCH!
Расчёт: 1.00$
Биржа: -1.00$
Разница: 200.0%
2026-01-24 17:15:38,026 \U0001f3af Dynamic TP: 0.37% (Base: 0.35%, ATR: +0.023%)
2026-01-24 17:15:39,769 \U0001f4c9 Status: PnL 0.96$ (0.03%) | DCA: 0
2026-01-24 17:15:49,681 \U0001f691 Doctor: No TP order! Placing...
2026-01-24 17:15:49,685 \U0001f3af Dynamic TP: 0.37% (Base: 0.35%, ATR: +0.023%)
2026-01-24 17:15:49,687 \U0001f4dd TP Params: side=sell, amount=0.0081, price=89605.3000, avg=89272.2000, dist=0.37%
2026-01-24 17:15:50,018 \u274c TP placement FAILED: bingx {"code":101205,"msg":"No position to close","data":{}}
2026-01-24 17:15:50,022    avg_price=89272.2, total_size=0.0081, side=Buy
2026-01-24 17:16:00,222 \U0001f3af Dynamic TP: 0.37% (Base: 0.35%, ATR: +0.023%)
2026-01-24 17:16:11,994 \U0001f691 Doctor: No TP order! Placing...
2026-01-24 17:16:11,998 \U0001f3af Dynamic TP: 0.37% (Base: 0.35%, ATR: +0.023%)
2026-01-24 17:16:12,000 \U0001f4dd TP Params: side=sell, amount=0.0081, price=89605.4000, avg=89272.2000, dist=0.37%
2026-01-24 17:16:12,299 \u274c TP placement FAILED: bingx {"code":101205,"msg":"No position to close","data":{}}
2026-01-24 17:16:12,302    avg_price=89272.2, total_size=0.0081, side=Buy
2026-01-24 17:16:13,084 \U0001f4c9 Status: PnL 0.94$ (0.03%) | DCA: 0
2026-01-24 17:16:22,510 \U0001f3af Dynamic TP: 0.37% (Base: 0.35%, ATR: +0.023%)
2026-01-24 17:16:34,158 \U0001f691 Doctor: No TP order! Placing...
2026-01-24 17:16:34,162 \U0001f3af Dynamic TP: 0.37% (Base: 0.35%, ATR: +0.023%)
2026-01-24 17:16:34,164 \U0001f4dd TP Params: side=sell, amount=0.0081, price=89605.4000, avg=89272.2000, dist=0.37%
2026-01-24 17:16:34,481 \u274c TP placement FAILED: bingx {"code":101205,"msg":"No position to close","data":{}}
2026-01-24 17:16:34,484    avg_price=89272.2, total_size=0.0081, side=Buy
2026-01-24 17:16:35,273 \u26a0\ufe0f PnL MISMATCH!
Расчёт: 1.03$
Биржа: -1.03$
Разница: 200.0%
2026-01-24 17:16:45,826 \U0001f3af Dynamic TP: 0.37% (Base: 0.35%, ATR: +0.023%)
2026-01-24 17:16:47,606 \U0001f4c9 Status: PnL 1.05$ (0.03%) | DCA: 0
2026-01-24 17:17:21,960 \U0001f691 Doctor: No TP order! Placing...
2026-01-24 17:17:21,971 \U0001f3af Dynamic TP: 0.37% (Base: 0.35%, ATR: +0.023%)
2026-01-24 17:17:21,974 \U0001f4dd TP Params: side=sell, amount=0.0081, price=89605.4000, avg=89272.2000, dist=0.37%
2026-01-24 17:17:22,270 \u274c TP placement FAILED: bingx {"code":101205,"msg":"No position to close","data":{}}
2026-01-24 17:17:22,275    avg_price=89272.2, total_size=0.0081, side=Buy
2026-01-24 17:17:23,084 \u26a0\ufe0f PnL MISMATCH!
Расчёт: 1.26$
Биржа: -1.20$
Разница: 205.4%
2026-01-24 17:17:24,497 \U0001f4c9 Status: PnL 1.26$ (0.04%) | DCA: 0
2026-01-24 17:17:33,934 \U0001f3af Dynamic TP: 0.37% (Base: 0.35%, ATR: +0.023%)
2026-01-24 17:17:45,689 \U0001f691 Doctor: No TP order! Placing...
2026-01-24 17:17:45,689 \U0001f3af Dynamic TP: 0.37% (Base: 0.35%, ATR: +0.023%)
2026-01-24 17:17:45,690 \U0001f4dd TP Params: side=sell, amount=0.0081, price=89605.3000, avg=89272.2000, dist=0.37%
2026-01-24 17:17:45,995 \u274c TP placement FAILED: bingx {"code":101205,"msg":"No position to close","data":{}}
2026-01-24 17:17:45,996    avg_price=89272.2, total_size=0.0081, side=Buy
2026-01-24 17:17:46,770 \u26a0\ufe0f PnL MISMATCH!
Расчёт: 1.16$
Биржа: -1.16$
Разница: 199.9%
2026-01-24 17:17:57,458 \U0001f3af Dynamic TP: 0.37% (Base: 0.35%, ATR: +0.023%)
2026-01-24 17:17:59,203 \U0001f4c9 Status: PnL 1.16$ (0.03%) | DCA: 0
2026-01-24 17:18:09,542 \U0001f691 Doctor: No TP order! Placing...
2026-01-24 17:18:09,542 \U0001f3af Dynamic TP: 0.37% (Base: 0.35%, ATR: +0.022%)
2026-01-24 17:18:09,543 \U0001f4dd TP Params: side=sell, amount=0.0081, price=89604.3000, avg=89272.2000, dist=0.37%
2026-01-24 17:18:09,846 \u274c TP placement FAILED: bingx {"code":101205,"msg":"No position to close","data":{}}
2026-01-24 17:18:09,847    avg_price=89272.2, total_size=0.0081, side=Buy
2026-01-24 17:18:10,634 \u26a0\ufe0f PnL MISMATCH!
Расчёт: 1.16$
Биржа: -1.16$
Разница: 199.9%
2026-01-24 17:18:21,291 \U0001f3af Dynamic TP: 0.37% (Base: 0.35%, ATR: +0.022%)
2026-01-24 17:18:32,998 \U0001f691 Doctor: No TP order! Placing...
2026-01-24 17:18:32,998 \U0001f3af Dynamic TP: 0.37% (Base: 0.35%, ATR: +0.022%)
2026-01-24 17:18:32,999 \U0001f4dd TP Params: side=sell, amount=0.0081, price=89604.3000, avg=89272.2000, dist=0.37%
2026-01-24 17:18:33,320 \u274c TP placement FAILED: bingx {"code":101205,"msg":"No position to close","data":{}}
2026-01-24 17:18:33,320    avg_price=89272.2, total_size=0.0081, side=Buy
2026-01-24 17:18:34,105 \u26a0\ufe0f PnL MISMATCH!
Расчёт: 1.13$
Биржа: -1.13$
Разница: 200.0%
2026-01-24 17:18:35,342 \U0001f4c9 Status: PnL 1.13$ (0.03%) | DCA: 0
2026-01-24 17:18:44,970 \U0001f3af Dynamic TP: 0.37% (Base: 0.35%, ATR: +0.022%)
2026-01-24 17:18:56,784 \U0001f691 Doctor: No TP order! Placing...
2026-01-24 17:18:56,788 \U0001f3af Dynamic TP: 0.37% (Base: 0.35%, ATR: +0.022%)
2026-01-24 17:18:56,790 \U0001f4dd TP Params: side=sell, amount=0.0081, price=89604.3000, avg=89272.2000, dist=0.37%
2026-01-24 17:18:57,083 \u274c TP placement FAILED: bingx {"code":101205,"msg":"No position to close","data":{}}
2026-01-24 17:18:57,085    avg_price=89272.2, total_size=0.0081, side=Buy
2026-01-24 17:18:57,878 \u26a0\ufe0f PnL MISMATCH!
Расчёт: 1.09$
Биржа: -1.09$
Разница: 200.3%
2026-01-24 17:19:08,457 \U0001f3af Dynamic TP: 0.37% (Base: 0.35%, ATR: +0.022%)
2026-01-24 17:19:10,283 \U0001f4c9 Status: PnL 1.08$ (0.03%) | DCA: 0
2026-01-24 17:19:20,216 \U0001f691 Doctor: No TP order! Placing...
2026-01-24 17:19:20,221 \U0001f3af Dynamic TP: 0.37% (Base: 0.35%, ATR: +0.021%)
2026-01-24 17:19:20,222 \U0001f4dd TP Params: side=sell, amount=0.0081, price=89603.3000, avg=89272.2000, dist=0.37%
2026-01-24 17:19:20,536 \u274c TP placement FAILED: bingx {"code":101205,"msg":"No position to close","data":{}}
2026-01-24 17:19:20,540    avg_price=89272.2, total_size=0.0081, side=Buy
2026-01-24 17:19:21,341 \u26a0\ufe0f PnL MISMATCH!
Расчёт: 1.07$
Биржа: -1.07$
Разница: 200.0%
2026-01-24 17:19:32,007 \U0001f3af Dynamic TP: 0.37% (Base: 0.35%, ATR: +0.021%)
2026-01-24 17:19:43,694 \U0001f691 Doctor: No TP order! Placing...
2026-01-24 17:19:43,698 \U0001f3af Dynamic TP: 0.37% (Base: 0.35%, ATR: +0.021%)
2026-01-24 17:19:43,700 \U0001f4dd TP Params: side=sell, amount=0.0081, price=89603.3000, avg=89272.2000, dist=0.37%
2026-01-24 17:19:44,010 \u274c TP placement FAILED: bingx {"code":101205,"msg":"No position to close","data":{}}
2026-01-24 17:19:44,016    avg_price=89272.2, total_size=0.0081, side=Buy
2026-01-24 17:19:44,802 \u26a0\ufe0f PnL MISMATCH!
Расчёт: 1.07$
Биржа: -1.07$
Разница: 199.9%
2026-01-24 17:19:46,021 \U0001f4c9 Status: PnL 1.07$ (0.03%) | DCA: 0
2026-01-24 17:19:55,415 \U0001f3af Dynamic TP: 0.37% (Base: 0.35%, ATR: +0.021%)
2026-01-24 17:20:07,343 \U0001f691 Doctor: No TP order! Placing...
2026-01-24 17:20:07,348 \U0001f3af Dynamic TP: 0.37% (Base: 0.35%, ATR: +0.019%)
2026-01-24 17:20:07,349 \U0001f4dd TP Params: side=sell, amount=0.0081, price=89602.0000, avg=89272.2000, dist=0.37%
2026-01-24 17:20:07,650 \u274c TP placement FAILED: bingx {"code":101205,"msg":"No position to close","data":{}}
2026-01-24 17:20:07,655    avg_price=89272.2, total_size=0.0081, side=Buy
2026-01-24 17:20:08,441 \u26a0\ufe0f PnL MISMATCH!
Расчёт: 1.07$
Биржа: -1.07$
Разница: 200.1%
2026-01-24 17:20:19,050 \U0001f3af Dynamic TP: 0.37% (Base: 0.35%, ATR: +0.019%)
2026-01-24 17:20:20,936 \U0001f4c9 Status: PnL 1.07$ (0.03%) | DCA: 0
2026-01-24 17:20:30,876 \U0001f691 Doctor: No TP order! Placing...
2026-01-24 17:20:30,881 \U0001f3af Dynamic TP: 0.37% (Base: 0.35%, ATR: +0.019%)
2026-01-24 17:20:30,882 \U0001f4dd TP Params: side=sell, amount=0.0081, price=89602.0000, avg=89272.2000, dist=0.37%
2026-01-24 17:20:31,198 \u274c TP placement FAILED: bingx {"code":101205,"msg":"No position to close","data":{}}
2026-01-24 17:20:31,203    avg_price=89272.2, total_size=0.0081, side=Buy
2026-01-24 17:20:31,988 \u26a0\ufe0f PnL MISMATCH!
Расчёт: 1.07$
Биржа: -1.07$
Разница: 200.0%
2026-01-24 17:20:42,601 \U0001f3af Dynamic TP: 0.37% (Base: 0.35%, ATR: +0.019%)
2026-01-24 17:20:54,588 \U0001f691 Doctor: No TP order! Placing...
2026-01-24 17:20:54,592 \U0001f3af Dynamic TP: 0.37% (Base: 0.35%, ATR: +0.019%)
2026-01-24 17:20:54,595 \U0001f4dd TP Params: side=sell, amount=0.0081, price=89602.0000, avg=89272.2000, dist=0.37%
2026-01-24 17:20:54,962 \u274c TP placement FAILED: bingx {"code":101205,"msg":"No position to close","data":{}}
2026-01-24 17:20:54,967    avg_price=89272.2, total_size=0.0081, side=Buy
2026-01-24 17:20:55,774 \u26a0\ufe0f PnL MISMATCH!
Расчёт: 1.07$
Биржа: -1.07$
Разница: 200.1%
2026-01-24 17:20:57,014 \U0001f4c9 Status: PnL 1.07$ (0.03%) | DCA: 0
2026-01-24 17:21:06,431 \U0001f3af Dynamic TP: 0.37% (Base: 0.35%, ATR: +0.019%)
2026-01-24 17:21:18,133 \U0001f691 Doctor: No TP order! Placing...
2026-01-24 17:21:18,139 \U0001f3af Dynamic TP: 0.37% (Base: 0.35%, ATR: +0.018%)
2026-01-24 17:21:18,140 \U0001f4dd TP Params: side=sell, amount=0.0081, price=89600.9000, avg=89272.2000, dist=0.37%
2026-01-24 17:21:18,434 \u274c TP placement FAILED: bingx {"code":101205,"msg":"No position to close","data":{}}
2026-01-24 17:21:18,439    avg_price=89272.2, total_size=0.0081, side=Buy
2026-01-24 17:21:19,232 \u26a0\ufe0f PnL MISMATCH!
Расчёт: 1.08$
Биржа: -1.08$
Разница: 200.0%
2026-01-24 17:21:29,903 \U0001f3af Dynamic TP: 0.37% (Base: 0.35%, ATR: +0.018%)
2026-01-24 17:21:31,723 \U0001f4c9 Status: PnL 1.08$ (0.03%) | DCA: 0
2026-01-24 17:21:41,673 \U0001f691 Doctor: No TP order! Placing...
2026-01-24 17:21:41,677 \U0001f3af Dynamic TP: 0.37% (Base: 0.35%, ATR: +0.018%)
2026-01-24 17:21:41,679 \U0001f4dd TP Params: side=sell, amount=0.0081, price=89600.9000, avg=89272.2000, dist=0.37%
2026-01-24 17:21:41,983 \u274c TP placement FAILED: bingx {"code":101205,"msg":"No position to close","data":{}}
2026-01-24 17:21:41,987    avg_price=89272.2, total_size=0.0081, side=Buy
2026-01-24 17:21:42,788 \u26a0\ufe0f PnL MISMATCH!
Расчёт: 1.15$
Биржа: -1.15$
Разница: 200.0%
2026-01-24 17:21:53,403 \U0001f3af Dynamic TP: 0.37% (Base: 0.35%, ATR: +0.018%)
2026-01-24 17:22:05,097 \U0001f691 Doctor: No TP order! Placing...
2026-01-24 17:22:05,102 \U0001f3af Dynamic TP: 0.37% (Base: 0.35%, ATR: +0.018%)
2026-01-24 17:22:05,105 \U0001f4dd TP Params: side=sell, amount=0.0081, price=89600.3000, avg=89272.2000, dist=0.37%
2026-01-24 17:22:05,402 \u274c TP placement FAILED: bingx {"code":101205,"msg":"No position to close","data":{}}
2026-01-24 17:22:05,406    avg_price=89272.2, total_size=0.0081, side=Buy
2026-01-24 17:22:06,205 \u26a0\ufe0f PnL MISMATCH!
Расчёт: 1.17$
Биржа: -1.17$
Разница: 200.0%
2026-01-24 17:22:07,493 \U0001f4c9 Status: PnL 1.17$ (0.03%) | DCA: 0
2026-01-24 17:22:16,887 \U0001f3af Dynamic TP: 0.37% (Base: 0.35%, ATR: +0.018%)
2026-01-24 17:22:28,696 \U0001f691 Doctor: No TP order! Placing...
2026-01-24 17:22:28,700 \U0001f3af Dynamic TP: 0.37% (Base: 0.35%, ATR: +0.018%)
2026-01-24 17:22:28,702 \U0001f4dd TP Params: side=sell, amount=0.0081, price=89600.3000, avg=89272.2000, dist=0.37%
2026-01-24 17:22:28,995 \u274c TP placement FAILED: bingx {"code":101205,"msg":"No position to close","data":{}}
2026-01-24 17:22:28,999    avg_price=89272.2, total_size=0.0081, side=Buy
2026-01-24 17:22:29,787 \u26a0\ufe0f PnL MISMATCH!
Расчёт: 1.21$
Биржа: -1.21$
Разница: 200.0%
2026-01-24 17:22:40,397 \U0001f3af Dynamic TP: 0.37% (Base: 0.35%, ATR: +0.018%)
2026-01-24 17:22:43,432 \U0001f4c9 Status: PnL 1.21$ (0.04%) | DCA: 0
2026-01-24 17:22:53,376 \U0001f691 Doctor: No TP order! Placing...
2026-01-24 17:22:53,381 \U0001f3af Dynamic TP: 0.37% (Base: 0.35%, ATR: +0.018%)
2026-01-24 17:22:53,383 \U0001f4dd TP Params: side=sell, amount=0.0081, price=89600.3000, avg=89272.2000, dist=0.37%
2026-01-24 17:22:53,685 \u274c TP placement FAILED: bingx {"code":101205,"msg":"No position to close","data":{}}
2026-01-24 17:22:53,690    avg_price=89272.2, total_size=0.0081, side=Buy
2026-01-24 17:22:54,488 \u26a0\ufe0f PnL MISMATCH!
Расчёт: 1.21$
Биржа: -1.21$
Разница: 200.0%
2026-01-24 17:23:05,100 \U0001f3af Dynamic TP: 0.37% (Base: 0.35%, ATR: +0.018%)
2026-01-24 17:23:17,072 \U0001f691 Doctor: No TP order! Placing...
2026-01-24 17:23:17,075 \U0001f3af Dynamic TP: 0.37% (Base: 0.35%, ATR: +0.017%)
2026-01-24 17:23:17,081 \U0001f4dd TP Params: side=sell, amount=0.0081, price=89599.8000, avg=89272.2000, dist=0.37%
2026-01-24 17:23:17,405 \u274c TP placement FAILED: bingx {"code":101205,"msg":"No position to close","data":{}}
2026-01-24 17:23:17,411    avg_price=89272.2, total_size=0.0081, side=Buy
2026-01-24 17:23:18,207 \u26a0\ufe0f PnL MISMATCH!
Расчёт: 1.21$
Биржа: -1.21$
Разница: 200.1%
2026-01-24 17:23:19,425 \U0001f4c9 Status: PnL 1.21$ (0.04%) | DCA: 0
2026-01-24 17:23:28,809 \U0001f3af Dynamic TP: 0.37% (Base: 0.35%, ATR: +0.017%)
2026-01-24 17:23:40,581 \U0001f691 Doctor: No TP order! Placing...
2026-01-24 17:23:40,586 \U0001f3af Dynamic TP: 0.37% (Base: 0.35%, ATR: +0.017%)
2026-01-24 17:23:40,589 \U0001f4dd TP Params: side=sell, amount=0.0081, price=89599.8000, avg=89272.2000, dist=0.37%
2026-01-24 17:23:40,915 \u274c TP placement FAILED: bingx {"code":101205,"msg":"No position to close","data":{}}
2026-01-24 17:23:40,921    avg_price=89272.2, total_size=0.0081, side=Buy
2026-01-24 17:23:43,024 \u26a0\ufe0f PnL MISMATCH!
Расчёт: 1.21$
Биржа: -1.22$
Разница: 198.6%
2026-01-24 17:23:53,889 \U0001f3af Dynamic TP: 0.37% (Base: 0.35%, ATR: +0.017%)
2026-01-24 17:23:55,695 \U0001f4c9 Status: PnL 1.21$ (0.04%) | DCA: 0
2026-01-24 17:24:05,637 \U0001f691 Doctor: No TP order! Placing...
2026-01-24 17:24:05,645 \U0001f3af Dynamic TP: 0.37% (Base: 0.35%, ATR: +0.016%)
2026-01-24 17:24:05,646 \U0001f4dd TP Params: side=sell, amount=0.0081, price=89598.8000, avg=89272.2000, dist=0.37%
2026-01-24 17:24:05,945 \u274c TP placement FAILED: bingx {"code":101205,"msg":"No position to close","data":{}}
2026-01-24 17:24:05,947    avg_price=89272.2, total_size=0.0081, side=Buy
2026-01-24 17:24:06,740 \u26a0\ufe0f PnL MISMATCH!
Расчёт: 1.21$
Биржа: -1.17$
Разница: 203.8%
2026-01-24 17:24:17,383 \U0001f3af Dynamic TP: 0.37% (Base: 0.35%, ATR: +0.016%)
2026-01-24 17:24:29,227 \U0001f691 Doctor: No TP order! Placing...
2026-01-24 17:24:29,234 \U0001f3af Dynamic TP: 0.37% (Base: 0.35%, ATR: +0.016%)
2026-01-24 17:24:29,235 \U0001f4dd TP Params: side=sell, amount=0.0081, price=89598.8000, avg=89272.2000, dist=0.37%
2026-01-24 17:24:29,539 \u274c TP placement FAILED: bingx {"code":101205,"msg":"No position to close","data":{}}
2026-01-24 17:24:29,544    avg_price=89272.2, total_size=0.0081, side=Buy
2026-01-24 17:24:30,334 \u26a0\ufe0f PnL MISMATCH!
Расчёт: 1.13$
Биржа: -1.09$
Разница: 203.3%
2026-01-24 17:24:31,499 \U0001f4c9 Status: PnL 1.13$ (0.03%) | DCA: 0
2026-01-24 17:24:41,197 \U0001f3af Dynamic TP: 0.37% (Base: 0.35%, ATR: +0.016%)
2026-01-24 17:24:53,064 \U0001f691 Doctor: No TP order! Placing...
2026-01-24 17:24:53,069 \U0001f3af Dynamic TP: 0.37% (Base: 0.35%, ATR: +0.016%)
2026-01-24 17:24:53,070 \U0001f4dd TP Params: side=sell, amount=0.0081, price=89598.8000, avg=89272.2000, dist=0.37%
2026-01-24 17:24:53,403 \u274c TP placement FAILED: bingx {"code":101205,"msg":"No position to close","data":{}}
2026-01-24 17:24:53,407    avg_price=89272.2, total_size=0.0081, side=Buy
2026-01-24 17:24:54,265 \u26a0\ufe0f PnL MISMATCH!
Расчёт: 1.02$
Биржа: -1.02$
Разница: 200.0%
2026-01-24 17:25:04,993 \U0001f3af Dynamic TP: 0.37% (Base: 0.35%, ATR: +0.016%)
2026-01-24 17:25:06,759 \U0001f4c9 Status: PnL 1.00$ (0.03%) | DCA: 0
2026-01-24 17:25:16,770 \U0001f691 Doctor: No TP order! Placing...
2026-01-24 17:25:16,774 \U0001f3af Dynamic TP: 0.37% (Base: 0.35%, ATR: +0.016%)
2026-01-24 17:25:16,777 \U0001f4dd TP Params: side=sell, amount=0.0081, price=89598.8000, avg=89272.2000, dist=0.37%
2026-01-24 17:25:17,086 \u274c TP placement FAILED: bingx {"code":101205,"msg":"No position to close","data":{}}
2026-01-24 17:25:17,091    avg_price=89272.2, total_size=0.0081, side=Buy
2026-01-24 17:25:17,901 \u26a0\ufe0f PnL MISMATCH!
Расчёт: 1.02$
Биржа: -1.02$
Разница: 200.0%
2026-01-24 17:25:28,551 \U0001f3af Dynamic TP: 0.37% (Base: 0.35%, ATR: +0.016%)
2026-01-24 17:25:40,530 \U0001f691 Doctor: No TP order! Placing...
2026-01-24 17:25:40,534 \U0001f3af Dynamic TP: 0.37% (Base: 0.35%, ATR: +0.016%)
2026-01-24 17:25:40,536 \U0001f4dd TP Params: side=sell, amount=0.0081, price=89598.8000, avg=89272.2000, dist=0.37%
2026-01-24 17:25:40,834 \u274c TP placement FAILED: bingx {"code":101205,"msg":"No position to close","data":{}}
2026-01-24 17:25:40,837    avg_price=89272.2, total_size=0.0081, side=Buy
2026-01-24 17:25:41,627 \u26a0\ufe0f PnL MISMATCH!
Расчёт: 1.04$
Биржа: -1.04$
Разница: 199.8%
2026-01-24 17:25:43,101 \U0001f4c9 Status: PnL 1.04$ (0.03%) | DCA: 0
2026-01-24 17:25:53,461 \U0001f3af Dynamic TP: 0.37% (Base: 0.35%, ATR: +0.016%)
2026-01-24 17:26:05,549 \U0001f691 Doctor: No TP order! Placing...
2026-01-24 17:26:05,556 \U0001f3af Dynamic TP: 0.37% (Base: 0.35%, ATR: +0.015%)
2026-01-24 17:26:05,557 \U0001f4dd TP Params: side=sell, amount=0.0081, price=89598.2000, avg=89272.2000, dist=0.37%
2026-01-24 17:26:05,890 \u274c TP placement FAILED: bingx {"code":101205,"msg":"No position to close","data":{}}
2026-01-24 17:26:05,901    avg_price=89272.2, total_size=0.0081, side=Buy
2026-01-24 17:26:06,760 \u26a0\ufe0f PnL MISMATCH!
Расчёт: 1.22$
Биржа: -1.22$
Разница: 199.9%
2026-01-24 17:26:17,357 \U0001f3af Dynamic TP: 0.37% (Base: 0.35%, ATR: +0.015%)
2026-01-24 17:26:19,237 \U0001f4c9 Status: PnL 1.22$ (0.04%) | DCA: 0
2026-01-24 17:26:29,249 \U0001f691 Doctor: No TP order! Placing...
2026-01-24 17:26:29,253 \U0001f3af Dynamic TP: 0.37% (Base: 0.35%, ATR: +0.015%)
2026-01-24 17:26:29,255 \U0001f4dd TP Params: side=sell, amount=0.0081, price=89598.2000, avg=89272.2000, dist=0.37%
2026-01-24 17:26:29,571 \u274c TP placement FAILED: bingx {"code":101205,"msg":"No position to close","data":{}}
2026-01-24 17:26:29,576    avg_price=89272.2, total_size=0.0081, side=Buy
2026-01-24 17:26:30,376 \u26a0\ufe0f PnL MISMATCH!
Расчёт: 1.22$
Биржа: -1.22$
Разница: 200.0%
2026-01-24 17:26:41,122 \U0001f3af Dynamic TP: 0.37% (Base: 0.35%, ATR: +0.015%)
2026-01-24 17:26:53,459 \U0001f691 Doctor: No TP order! Placing...
2026-01-24 17:26:53,460 \U0001f3af Dynamic TP: 0.37% (Base: 0.35%, ATR: +0.015%)
2026-01-24 17:26:53,460 \U0001f4dd TP Params: side=sell, amount=0.0081, price=89598.2000, avg=89272.2000, dist=0.37%
2026-01-24 17:26:53,767 \u274c TP placement FAILED: bingx {"code":101205,"msg":"No position to close","data":{}}
2026-01-24 17:26:53,773    avg_price=89272.2, total_size=0.0081, side=Buy
2026-01-24 17:26:54,608 \u26a0\ufe0f PnL MISMATCH!
Расчёт: 1.22$
Биржа: -1.22$
Разница: 200.0%
2026-01-24 17:26:55,829 \U0001f4c9 Status: PnL 1.22$ (0.04%) | DCA: 0
